<testsuite failures="0" name="src/test/java/feature/configJavaScript.feature" skipped="0" tests="1" time="0.606098">
  <testcase classname="src.test.java.feature.configJavaScript" name="GET call Authenticaion Test" time="0.606098">
    <system-out>* url reqresUrl ........................................................... passed
* def expectedOutput = read('../resources/userResultPage2.json') .......... passed
Given path '/api/users?page=2' ............................................ passed
When method GET ........................................................... passed
Then status 200 ........................................................... passed
And match response == expectedOutput ...................................... passed
And print '*** reqresUrl Value *** ',reqresUrl ............................ passed
And print 'authInfo ====&gt; ',authInfo ...................................... passed
And print '&lt;=== Access Token ====&gt; ',authInfo.accessToken ................. passed
And print '&lt;=== Token ====&gt; ',authInfo.response.token ..................... passed
And print '&lt;=== Response ID ====&gt; ',authInfo.response.id .................. passed
And print '&lt;=== Connection ====&gt; ',authInfo.responseHeaders.Connection .... passed
And print '&lt;=== Response Time ====&gt; ',authInfo.responseTime ............... passed
And print '&lt;=== Server ====&gt; ',authInfo.responseHeaders.Server ............ passed</system-out>
  </testcase>
</testsuite>
