<testsuite failures="0" name="src/test/java/feature/dbConnection.feature" skipped="0" tests="1" time="3.193382">
  <testcase classname="src.test.java.feature.dbConnection" name="1" time="3.193382">
    <system-out>* def config = { username: 'root', password: 'password123', url: 'jdbc:mysql://localhost:3306/sarjeraodb', driverClassName: 'com.mysql.cj.jdbc.Driver' } . passed
* def DbUtils = Java.type('feature.DbUtils') .............................. passed
* def db = new DbUtils(config) ............................................ passed
* def names = db.readRows('select * from names') .......................... passed
Then print '&lt;=== Names ===&gt; ',names ....................................... passed
* def write = db.insertRow('INSERT INTO names (id,name) values(5,"SRao")') . passed
* def namesData = db.readRows('select * from names') ...................... passed
Then print '&lt;=== Names ===&gt; ',namesData ................................... passed</system-out>
  </testcase>
</testsuite>
