<testsuite failures="0" name="src/test/java/feature/AssertionsDemo.feature" skipped="0" tests="1" time="0.21395">
  <testcase classname="src.test.java.feature.AssertionsDemo" name="List the User 2 all Details" time="0.21395">
    <system-out>Given def color = 'red ' .................................................. passed
And def num = 5 ........................................................... passed
Then assert color + num == 'red 5' ........................................ passed
* def cat = { name: 'Billie', scores: [2, 5] } ............................ passed
* assert cat.scores[1] == 5 ............................................... passed
* def cats = [{ name: 'Billie' }, { name: 'Bob' }] ........................ passed
* match cats[0] == { name: 'Billie' } ..................................... passed
* match cats[1] == { name: 'Bob' } ........................................ passed
* def first = cats[0] ..................................................... passed
* match first == { name: 'Billie' } ....................................... passed
Given def user = { name: 'john', age: 21 } ................................ passed
And def lang = 'en' ....................................................... passed
When def session = { name: '#(user.name)', locale: '#(lang)', sessionUser: '#(user)'  } . passed
* def foo = { bar: '#("hello " + name)' } ................................. passed
Then print '&lt;==== foo ===&gt; ',foo .......................................... passed
* def foo = 'a1' .......................................................... passed
* match foo == '#("a" + 1)' ............................................... passed
When def user = { name: 'john', age: 21 } ................................. passed
And def lang = 'en' ....................................................... passed
Then print '&lt;=== user ===&gt;',user .......................................... passed
* def embedded = { name: '#(user.name)', locale: '#(lang)', sessionUser: '#(user)' } . passed
* def enclosed = ({ name: user.name, locale: lang, sessionUser: user }) ... passed
* match embedded == enclosed .............................................. passed
Then print '&lt;=== embedded ===&gt;',embedded .................................. passed
Then print '&lt;=== enclosed ===&gt;',enclosed .................................. passed</system-out>
  </testcase>
</testsuite>
